#! c:/iverilog-x64/bin/vvp
:ivl_version "10.1 (stable)" "(v10_1_1)";
:ivl_delay_selection "TYPICAL";
:vpi_time_precision + 0;
:vpi_module "system";
:vpi_module "vhdl_sys";
:vpi_module "v2005_math";
:vpi_module "va_math";
S_00000000008ced00 .scope module, "alu" "alu" 2 5;
 .timescale 0 0;
    .port_info 0 /INPUT 16 "alu_input_1"
    .port_info 1 /INPUT 16 "alu_input_2"
    .port_info 2 /INPUT 5 "alu_op"
    .port_info 3 /INPUT 3 "func_code"
    .port_info 4 /OUTPUT 16 "alu_output"
    .port_info 5 /OUTPUT 1 "condition_bit"
o00000000008cef28 .functor BUFZ 16, C4<zzzzzzzzzzzzzzzz>; HiZ drive
v00000000008cee80_0 .net "alu_input_1", 15 0, o00000000008cef28;  0 drivers
o00000000008cef58 .functor BUFZ 16, C4<zzzzzzzzzzzzzzzz>; HiZ drive
v0000000000926020_0 .net "alu_input_2", 15 0, o00000000008cef58;  0 drivers
o00000000008cef88 .functor BUFZ 5, C4<zzzzz>; HiZ drive
v00000000009260c0_0 .net "alu_op", 4 0, o00000000008cef88;  0 drivers
v0000000000926160_0 .var "alu_output", 15 0;
v0000000000926200_0 .var "condition_bit", 0 0;
o00000000008cf018 .functor BUFZ 3, C4<zzz>; HiZ drive
v00000000009262a0_0 .net "func_code", 2 0, o00000000008cf018;  0 drivers
E_00000000008cd090/0 .event edge, v00000000009260c0_0, v00000000009262a0_0, v00000000008cee80_0, v0000000000926020_0;
E_00000000008cd090/1 .event edge, v0000000000926160_0;
E_00000000008cd090 .event/or E_00000000008cd090/0, E_00000000008cd090/1;
    .scope S_00000000008ced00;
T_0 ;
    %wait E_00000000008cd090;
    %load/vec4 v00000000009260c0_0;
    %cmpi/e 15, 0, 5;
    %jmp/0xz  T_0.0, 4;
    %load/vec4 v00000000009262a0_0;
    %dup/vec4;
    %pushi/vec4 0, 0, 3;
    %cmp/u;
    %jmp/1 T_0.2, 6;
    %dup/vec4;
    %pushi/vec4 1, 0, 3;
    %cmp/u;
    %jmp/1 T_0.3, 6;
    %dup/vec4;
    %pushi/vec4 2, 0, 3;
    %cmp/u;
    %jmp/1 T_0.4, 6;
    %dup/vec4;
    %pushi/vec4 3, 0, 3;
    %cmp/u;
    %jmp/1 T_0.5, 6;
    %dup/vec4;
    %pushi/vec4 4, 0, 3;
    %cmp/u;
    %jmp/1 T_0.6, 6;
    %dup/vec4;
    %pushi/vec4 5, 0, 3;
    %cmp/u;
    %jmp/1 T_0.7, 6;
    %dup/vec4;
    %pushi/vec4 6, 0, 3;
    %cmp/u;
    %jmp/1 T_0.8, 6;
    %dup/vec4;
    %pushi/vec4 7, 0, 3;
    %cmp/u;
    %jmp/1 T_0.9, 6;
    %load/vec4 v0000000000926160_0;
    %store/vec4 v0000000000926160_0, 0, 16;
    %jmp T_0.11;
T_0.2 ;
    %load/vec4 v00000000008cee80_0;
    %load/vec4 v0000000000926020_0;
    %add;
    %store/vec4 v0000000000926160_0, 0, 16;
    %jmp T_0.11;
T_0.3 ;
    %load/vec4 v00000000008cee80_0;
    %load/vec4 v0000000000926020_0;
    %sub;
    %store/vec4 v0000000000926160_0, 0, 16;
    %jmp T_0.11;
T_0.4 ;
    %load/vec4 v00000000008cee80_0;
    %load/vec4 v0000000000926020_0;
    %and;
    %store/vec4 v0000000000926160_0, 0, 16;
    %jmp T_0.11;
T_0.5 ;
    %load/vec4 v00000000008cee80_0;
    %load/vec4 v0000000000926020_0;
    %or;
    %store/vec4 v0000000000926160_0, 0, 16;
    %jmp T_0.11;
T_0.6 ;
    %load/vec4 v00000000008cee80_0;
    %inv;
    %store/vec4 v0000000000926160_0, 0, 16;
    %jmp T_0.11;
T_0.7 ;
    %load/vec4 v00000000008cee80_0;
    %inv;
    %addi 1, 0, 16;
    %store/vec4 v0000000000926160_0, 0, 16;
    %jmp T_0.11;
T_0.8 ;
    %load/vec4 v00000000008cee80_0;
    %ix/load 4, 1, 0;
    %flag_set/imm 4, 0;
    %shiftl 4;
    %store/vec4 v0000000000926160_0, 0, 16;
    %jmp T_0.11;
T_0.9 ;
    %load/vec4 v00000000008cee80_0;
    %ix/load 4, 1, 0;
    %flag_set/imm 4, 0;
    %shiftr 4;
    %store/vec4 v0000000000926160_0, 0, 16;
    %jmp T_0.11;
T_0.11 ;
    %pop/vec4 1;
    %jmp T_0.1;
T_0.0 ;
    %load/vec4 v00000000009260c0_0;
    %dup/vec4;
    %pushi/vec4 4, 0, 5;
    %cmp/u;
    %jmp/1 T_0.12, 6;
    %dup/vec4;
    %pushi/vec4 5, 0, 5;
    %cmp/u;
    %jmp/1 T_0.13, 6;
    %dup/vec4;
    %pushi/vec4 6, 0, 5;
    %cmp/u;
    %jmp/1 T_0.14, 6;
    %dup/vec4;
    %pushi/vec4 7, 0, 5;
    %cmp/u;
    %jmp/1 T_0.15, 6;
    %dup/vec4;
    %pushi/vec4 8, 0, 5;
    %cmp/u;
    %jmp/1 T_0.16, 6;
    %dup/vec4;
    %pushi/vec4 0, 0, 5;
    %cmp/u;
    %jmp/1 T_0.17, 6;
    %dup/vec4;
    %pushi/vec4 1, 0, 5;
    %cmp/u;
    %jmp/1 T_0.18, 6;
    %dup/vec4;
    %pushi/vec4 2, 0, 5;
    %cmp/u;
    %jmp/1 T_0.19, 6;
    %dup/vec4;
    %pushi/vec4 3, 0, 5;
    %cmp/u;
    %jmp/1 T_0.20, 6;
    %load/vec4 v0000000000926160_0;
    %store/vec4 v0000000000926160_0, 0, 16;
    %jmp T_0.22;
T_0.12 ;
    %load/vec4 v00000000008cee80_0;
    %load/vec4 v0000000000926020_0;
    %add;
    %store/vec4 v0000000000926160_0, 0, 16;
    %jmp T_0.22;
T_0.13 ;
    %load/vec4 v00000000008cee80_0;
    %load/vec4 v0000000000926020_0;
    %or;
    %store/vec4 v0000000000926160_0, 0, 16;
    %jmp T_0.22;
T_0.14 ;
    %load/vec4 v0000000000926020_0;
    %ix/load 4, 8, 0;
    %flag_set/imm 4, 0;
    %shiftl 4;
    %store/vec4 v0000000000926160_0, 0, 16;
    %jmp T_0.22;
T_0.15 ;
    %load/vec4 v00000000008cee80_0;
    %load/vec4 v0000000000926020_0;
    %add;
    %store/vec4 v0000000000926160_0, 0, 16;
    %jmp T_0.22;
T_0.16 ;
    %load/vec4 v00000000008cee80_0;
    %load/vec4 v0000000000926020_0;
    %add;
    %store/vec4 v0000000000926160_0, 0, 16;
    %jmp T_0.22;
T_0.17 ;
    %load/vec4 v00000000008cee80_0;
    %load/vec4 v0000000000926020_0;
    %cmp/e;
    %flag_get/vec4 4;
    %inv;
    %store/vec4 v0000000000926200_0, 0, 1;
    %jmp T_0.22;
T_0.18 ;
    %load/vec4 v00000000008cee80_0;
    %load/vec4 v0000000000926020_0;
    %cmp/e;
    %flag_get/vec4 4;
    %store/vec4 v0000000000926200_0, 0, 1;
    %jmp T_0.22;
T_0.19 ;
    %pushi/vec4 0, 0, 32;
    %load/vec4 v00000000008cee80_0;
    %pad/u 32;
    %cmp/u;
    %flag_get/vec4 5;
    %store/vec4 v0000000000926200_0, 0, 1;
    %jmp T_0.22;
T_0.20 ;
    %load/vec4 v00000000008cee80_0;
    %pad/u 32;
    %cmpi/u 0, 0, 32;
    %flag_get/vec4 5;
    %store/vec4 v0000000000926200_0, 0, 1;
    %jmp T_0.22;
T_0.22 ;
    %pop/vec4 1;
T_0.1 ;
    %jmp T_0;
    .thread T_0, $push;
# The file index is used to find the file name in the following table.
:file_names 3;
    "N/A";
    "<interactive>";
    "alu.v";
